2026-03-10 22:07:05,389 [INFO] __main__ — ==================================================
2026-03-10 22:07:05,389 [INFO] __main__ — DAILY BRIEF STARTING
2026-03-10 22:07:05,389 [INFO] __main__ — ==================================================
2026-03-10 22:07:05,958 [INFO] data_collector — RSS https://www.investing.com/rss/news.rss → 6 headlines
2026-03-10 22:07:06,073 [INFO] data_collector — RSS https://feeds.reuters.com/reuters/businessNews → 0 headlines
2026-03-10 22:07:07,605 [INFO] data_collector — RSS https://www.forexlive.com/feed/news → 6 headlines
2026-03-10 22:07:08,135 [INFO] data_collector — RSS https://www.fxstreet.com/rss/news → 6 headlines
2026-03-10 22:07:09,400 [INFO] data_collector — RSS https://feeds.marketwatch.com/marketwatch/topstories/ → 6 headlines
2026-03-10 22:07:11,148 [INFO] data_collector — RSS https://www.dailyfx.com/feeds/forex-market-news → 0 headlines
2026-03-10 22:07:12,079 [INFO] data_collector — ForexFactory → 3 HIGH/MEDIUM events
2026-03-10 22:07:12,081 [INFO] __main__ — Data collected: 24 headlines, 3 events
2026-03-10 22:07:20,067 [INFO] httpx — HTTP Request: POST https://models.inference.ai.azure.com/chat/completions "HTTP/1.1 200 OK"
2026-03-10 22:07:20,075 [INFO] analyzer — AI analysis OK (attempt 1)
2026-03-10 22:07:20,076 [INFO] __main__ — Analysis OK — Mood: mixed | Confidence: 70%
2026-03-10 22:07:20,077 [INFO] signal_generator — Checking SMC for USD/CHF (BUY)
2026-03-10 22:07:22,717 [INFO] signal_generator — Checking SMC for NZD/USD (SELL)
2026-03-10 22:07:25,412 [INFO] signal_generator — Checking SMC for USD/CAD (BUY)
2026-03-10 22:07:27,991 [INFO] signal_generator — Checking SMC for AUD/USD (SELL)
2026-03-10 22:07:30,401 [INFO] signal_generator — Checking SMC for USD/JPY (BUY)
2026-03-10 22:07:32,948 [INFO] signal_generator — Checking SMC for EUR/USD (SELL)
2026-03-10 22:07:57,482 [INFO] tracker — Signal saved to DB: #1 BUY USD/CAD @ 1.35427
2026-03-10 22:07:59,294 [INFO] telegram_bot — Telegram message sent OK
2026-03-10 22:07:59,297 [INFO] __main__ — Daily brief sent to Telegram ✅
2026-03-10 22:10:16,602 [INFO] __main__ — ==================================================
2026-03-10 22:10:16,602 [INFO] __main__ — DAILY BRIEF STARTING
2026-03-10 22:10:16,602 [INFO] __main__ — ==================================================
2026-03-10 22:10:19,696 [INFO] data_collector — RSS https://www.investing.com/rss/news.rss → 6 headlines
2026-03-10 22:10:19,739 [INFO] data_collector — RSS https://feeds.reuters.com/reuters/businessNews → 0 headlines
2026-03-10 22:10:27,760 [INFO] data_collector — RSS https://www.forexlive.com/feed/news → 6 headlines
2026-03-10 22:10:28,182 [INFO] data_collector — RSS https://www.fxstreet.com/rss/news → 6 headlines
2026-03-10 22:10:29,769 [INFO] data_collector — RSS https://feeds.marketwatch.com/marketwatch/topstories/ → 6 headlines
2026-03-10 22:10:31,515 [INFO] data_collector — RSS https://www.dailyfx.com/feeds/forex-market-news → 0 headlines
2026-03-10 22:10:32,346 [INFO] data_collector — ForexFactory → 3 HIGH/MEDIUM events
2026-03-10 22:10:32,349 [INFO] __main__ — Data collected: 24 headlines, 3 events
2026-03-10 22:10:39,464 [INFO] httpx — HTTP Request: POST https://models.inference.ai.azure.com/chat/completions "HTTP/1.1 200 OK"
2026-03-10 22:10:39,472 [INFO] analyzer — AI analysis OK (attempt 1)
2026-03-10 22:10:39,472 [INFO] __main__ — Analysis OK — Mood: mixed | Confidence: 65%
2026-03-10 22:10:39,473 [INFO] signal_generator — Checking SMC for USD/CHF (BUY)
2026-03-10 22:10:44,784 [INFO] signal_generator — Checking SMC for NZD/USD (SELL)
2026-03-10 22:10:49,246 [INFO] signal_generator — Checking SMC for USD/CAD (BUY)
2026-03-10 22:10:53,866 [INFO] signal_generator — Checking SMC for AUD/USD (SELL)
2026-03-10 22:10:58,217 [INFO] signal_generator — Checking SMC for USD/JPY (BUY)
2026-03-10 22:11:02,895 [INFO] signal_generator — Checking SMC for EUR/USD (SELL)
2026-03-10 22:11:29,635 [INFO] tracker — Signal saved to DB: #2 BUY USD/CAD @ 1.35427
2026-03-10 22:11:30,868 [INFO] telegram_bot — Telegram message sent OK
2026-03-10 22:11:30,870 [INFO] __main__ — Daily brief sent to Telegram ✅
2026-03-10 22:38:56,242 [INFO] __main__ — ==================================================
2026-03-10 22:38:56,243 [INFO] __main__ — FOREX AI SCHEDULER STARTED
2026-03-10 22:38:56,243 [INFO] __main__ — Morning Brief : 00:30 UTC daily
2026-03-10 22:38:56,243 [INFO] __main__ — Evening Summary: 12:30 UTC daily
2026-03-10 22:38:56,243 [INFO] __main__ — News Check    : Every 30 minutes
2026-03-10 22:38:56,244 [INFO] __main__ — ==================================================
2026-03-10 22:38:56,244 [INFO] __main__ — Running initial brief on startup...
2026-03-10 22:38:56,244 [INFO] main — ==================================================
2026-03-10 22:38:56,245 [INFO] main — DAILY BRIEF STARTING
2026-03-10 22:38:56,245 [INFO] main — ==================================================
2026-03-10 22:38:56,783 [INFO] data_collector — RSS https://www.investing.com/rss/news.rss → 6 headlines
2026-03-10 22:38:56,893 [INFO] data_collector — RSS https://feeds.reuters.com/reuters/businessNews → 0 headlines
2026-03-10 22:38:58,373 [INFO] data_collector — RSS https://www.forexlive.com/feed/news → 6 headlines
2026-03-10 22:38:58,872 [INFO] data_collector — RSS https://www.fxstreet.com/rss/news → 6 headlines
2026-03-10 22:39:00,156 [INFO] data_collector — RSS https://feeds.marketwatch.com/marketwatch/topstories/ → 6 headlines
2026-03-10 22:39:01,330 [INFO] data_collector — RSS https://www.dailyfx.com/feeds/forex-market-news → 0 headlines
2026-03-10 22:39:02,186 [INFO] data_collector — ForexFactory → 3 HIGH/MEDIUM events
2026-03-10 22:39:02,188 [INFO] main — Data collected: 24 headlines, 3 events
2026-03-10 22:39:10,877 [INFO] httpx — HTTP Request: POST https://models.inference.ai.azure.com/chat/completions "HTTP/1.1 200 OK"
2026-03-10 22:39:10,886 [INFO] analyzer — AI analysis OK (attempt 1)
2026-03-10 22:39:10,887 [INFO] main — Analysis OK — Mood: mixed | Confidence: 70%
2026-03-10 22:39:10,887 [INFO] signal_generator — Checking SMC for USD/CHF (BUY)
2026-03-10 22:39:13,799 [INFO] signal_generator — Checking SMC for NZD/USD (SELL)
2026-03-10 22:39:16,256 [INFO] signal_generator — Checking SMC for USD/CAD (BUY)
2026-03-10 22:39:18,846 [INFO] signal_generator — Checking SMC for AUD/USD (SELL)
2026-03-10 22:39:21,316 [INFO] signal_generator — Checking SMC for USD/JPY (BUY)
2026-03-10 22:39:23,849 [INFO] signal_generator — Checking SMC for EUR/USD (SELL)
2026-03-10 22:39:48,343 [INFO] tracker — Signal saved to DB: #3 BUY USD/CAD @ 1.35427
2026-03-10 22:39:49,662 [INFO] telegram_bot — Telegram message sent OK
2026-03-10 22:39:49,664 [INFO] main — Daily brief sent to Telegram ✅
2026-03-10 22:39:49,664 [INFO] __main__ — Entering main loop... (Ctrl+C to stop)
2026-03-10 22:42:42,897 [INFO] __main__ — Scheduler stopped by user.
2026-03-10 22:42:49,109 [INFO] __main__ — ==================================================
2026-03-10 22:42:49,109 [INFO] __main__ — DAILY BRIEF STARTING
2026-03-10 22:42:49,109 [INFO] __main__ — ==================================================
2026-03-10 22:42:49,579 [INFO] data_collector — RSS https://www.investing.com/rss/news.rss → 6 headlines
2026-03-10 22:42:49,618 [INFO] data_collector — RSS https://feeds.reuters.com/reuters/businessNews → 0 headlines
2026-03-10 22:42:51,163 [INFO] data_collector — RSS https://www.forexlive.com/feed/news → 6 headlines
2026-03-10 22:42:51,608 [INFO] data_collector — RSS https://www.fxstreet.com/rss/news → 6 headlines
2026-03-10 22:42:52,971 [INFO] data_collector — RSS https://feeds.marketwatch.com/marketwatch/topstories/ → 6 headlines
2026-03-10 22:42:54,729 [INFO] data_collector — RSS https://www.dailyfx.com/feeds/forex-market-news → 0 headlines
2026-03-10 22:42:55,471 [INFO] data_collector — ForexFactory → 3 HIGH/MEDIUM events
2026-03-10 22:42:55,473 [INFO] __main__ — Data collected: 24 headlines, 3 events
2026-03-10 22:43:02,685 [INFO] httpx — HTTP Request: POST https://models.inference.ai.azure.com/chat/completions "HTTP/1.1 200 OK"
2026-03-10 22:43:02,693 [INFO] analyzer — AI analysis OK (attempt 1)
2026-03-10 22:43:02,693 [INFO] __main__ — Analysis OK — Mood: mixed | Confidence: 70%
2026-03-10 22:43:02,693 [INFO] signal_generator — Checking SMC for USD/CHF (BUY)
2026-03-10 22:43:05,957 [INFO] signal_generator — Checking SMC for NZD/USD (SELL)
2026-03-10 22:43:08,940 [INFO] signal_generator — Checking SMC for USD/CAD (BUY)
2026-03-10 22:43:12,012 [INFO] signal_generator — Checking SMC for AUD/USD (SELL)
2026-03-10 22:43:30,396 [INFO] signal_generator — Checking SMC for USD/JPY (BUY)
2026-03-10 22:43:33,006 [INFO] signal_generator — Checking SMC for EUR/USD (SELL)
2026-03-10 22:43:57,483 [INFO] tracker — Signal saved to DB: #4 BUY USD/CAD @ 1.35427
2026-03-10 22:43:58,811 [INFO] telegram_bot — Telegram message sent OK
2026-03-10 22:43:58,814 [INFO] __main__ — Daily brief sent to Telegram ✅
2026-03-10 22:46:39,395 [INFO] __main__ — ==================================================
2026-03-10 22:46:39,395 [INFO] __main__ — DAILY BRIEF STARTING
2026-03-10 22:46:39,395 [INFO] __main__ — ==================================================
2026-03-10 22:46:40,091 [INFO] data_collector — RSS https://www.investing.com/rss/news.rss → 6 headlines
2026-03-10 22:46:40,167 [INFO] data_collector — RSS https://feeds.reuters.com/reuters/businessNews → 0 headlines
2026-03-10 22:46:41,740 [INFO] data_collector — RSS https://www.forexlive.com/feed/news → 6 headlines
2026-03-10 22:46:42,313 [INFO] data_collector — RSS https://www.fxstreet.com/rss/news → 6 headlines
2026-03-10 22:46:43,098 [INFO] data_collector — RSS https://feeds.marketwatch.com/marketwatch/topstories/ → 0 headlines
2026-03-10 22:46:44,794 [INFO] data_collector — RSS https://www.dailyfx.com/feeds/forex-market-news → 0 headlines
2026-03-10 22:46:45,885 [INFO] data_collector — ForexFactory → 3 HIGH/MEDIUM events
2026-03-10 22:46:45,888 [INFO] __main__ — Data collected: 18 headlines, 3 events
2026-03-10 22:46:51,536 [INFO] httpx — HTTP Request: POST https://models.inference.ai.azure.com/chat/completions "HTTP/1.1 200 OK"
2026-03-10 22:46:51,545 [INFO] analyzer — AI analysis OK (attempt 1)
2026-03-10 22:46:51,545 [INFO] __main__ — Analysis OK — Mood: risk-off | Confidence: 65%
2026-03-10 22:46:51,545 [INFO] signal_generator — Checking SMC for USD/CHF (BUY)
2026-03-10 22:46:57,806 [INFO] signal_generator — Checking SMC for NZD/USD (SELL)
2026-03-10 22:47:00,436 [INFO] signal_generator — Checking SMC for USD/CAD (BUY)
2026-03-10 22:47:03,100 [INFO] signal_generator — Checking SMC for AUD/USD (SELL)
2026-03-10 22:47:05,697 [INFO] signal_generator — Checking SMC for USD/JPY (BUY)
2026-03-10 22:47:08,366 [INFO] signal_generator — Checking SMC for GBP/USD (SELL)
2026-03-10 22:47:11,153 [INFO] signal_generator — Checking SMC for EUR/USD (SELL)
2026-03-10 22:47:34,634 [INFO] tracker — Signal saved to DB: #5 BUY USD/CAD @ 1.35427
2026-03-10 22:47:35,995 [INFO] telegram_bot — Telegram message sent OK
2026-03-10 22:47:35,997 [INFO] __main__ — Daily brief sent to Telegram ✅
2026-03-10 22:50:32,908 [INFO] __main__ — ==================================================
2026-03-10 22:50:32,908 [INFO] __main__ — DAILY BRIEF STARTING
2026-03-10 22:50:32,909 [INFO] __main__ — ==================================================
2026-03-10 22:50:33,342 [INFO] data_collector — RSS https://www.investing.com/rss/news.rss → 6 headlines
2026-03-10 22:50:33,381 [INFO] data_collector — RSS https://feeds.reuters.com/reuters/businessNews → 0 headlines
2026-03-10 22:50:34,859 [INFO] data_collector — RSS https://www.forexlive.com/feed/news → 6 headlines
2026-03-10 22:50:35,276 [INFO] data_collector — RSS https://www.fxstreet.com/rss/news → 6 headlines
2026-03-10 22:50:36,561 [INFO] data_collector — RSS https://feeds.marketwatch.com/marketwatch/topstories/ → 6 headlines
2026-03-10 22:50:38,068 [INFO] data_collector — RSS https://www.dailyfx.com/feeds/forex-market-news → 0 headlines
2026-03-10 22:50:39,014 [INFO] data_collector — ForexFactory → 3 HIGH/MEDIUM events
2026-03-10 22:50:39,016 [INFO] __main__ — Data collected: 24 headlines, 3 events
2026-03-10 22:50:47,331 [INFO] httpx — HTTP Request: POST https://models.inference.ai.azure.com/chat/completions "HTTP/1.1 200 OK"
2026-03-10 22:50:47,340 [INFO] analyzer — AI analysis OK (attempt 1)
2026-03-10 22:50:47,340 [INFO] __main__ — Analysis OK — Mood: risk-off | Confidence: 70%
2026-03-10 22:50:47,340 [INFO] signal_generator — Checking SMC for USD/CHF (BUY)
2026-03-10 22:50:50,436 [INFO] signal_generator — Checking SMC for NZD/USD (SELL)
2026-03-10 22:50:53,351 [INFO] signal_generator — Checking SMC for USD/CAD (BUY)
2026-03-10 22:50:56,087 [INFO] signal_generator — Checking SMC for AUD/USD (SELL)
2026-03-10 22:50:58,845 [INFO] signal_generator — Checking SMC for USD/JPY (BUY)
2026-03-10 22:51:01,599 [INFO] signal_generator — Checking SMC for GBP/USD (SELL)
2026-03-10 22:51:04,635 [INFO] signal_generator — Checking SMC for EUR/USD (SELL)
2026-03-10 22:51:28,442 [INFO] tracker — Signal saved to DB: #6 BUY USD/CAD @ 1.35427
2026-03-10 22:51:29,667 [INFO] telegram_bot — Telegram message sent OK
2026-03-10 22:51:29,670 [INFO] __main__ — Daily brief sent to Telegram ✅
